GAS LISTING /tmp/ccQm5IKI.s 			page 1


   1               		.file	"hello.c"
   2               	__SREG__ = 0x3f
   3               	__SP_H__ = 0x3e
   4               	__SP_L__ = 0x3d
   5               	__tmp_reg__ = 0
   6               	__zero_reg__ = 1
   7               		.global __do_copy_data
   8               		.global __do_clear_bss
   9               		.stabs	"/home/mkowalik/avr/",100,0,2,.Ltext0
  10               		.stabs	"hello.c",100,0,2,.Ltext0
  11               		.text
  12               	.Ltext0:
  13               		.stabs	"gcc2_compiled.",60,0,0,0
  14               		.stabs	"int:t(0,1)=r(0,1);-32768;32767;",128,0,1,0
  15               		.stabs	"char:t(0,2)=@s8;r(0,2);0;255;",128,0,1,0
  16               		.stabs	"long int:t(0,3)=@s32;r(0,3);020000000000;017777777777;",128,0,1,0
  17               		.stabs	"unsigned int:t(0,4)=r(0,4);0;0177777;",128,0,1,0
  18               		.stabs	"long unsigned int:t(0,5)=@s32;r(0,5);0;037777777777;",128,0,1,0
  19               		.stabs	"long long int:t(0,6)=@s64;r(0,6);01000000000000000000000;0777777777777777777777;",128,0,1,
  20               		.stabs	"long long unsigned int:t(0,7)=@s64;r(0,7);0;01777777777777777777777;",128,0,1,0
  21               		.stabs	"short int:t(0,8)=r(0,8);-32768;32767;",128,0,1,0
  22               		.stabs	"short unsigned int:t(0,9)=r(0,9);0;0177777;",128,0,1,0
  23               		.stabs	"signed char:t(0,10)=@s8;r(0,10);-128;127;",128,0,1,0
  24               		.stabs	"unsigned char:t(0,11)=@s8;r(0,11);0;255;",128,0,1,0
  25               		.stabs	"float:t(0,12)=r(0,1);4;0;",128,0,1,0
  26               		.stabs	"double:t(0,13)=r(0,1);4;0;",128,0,1,0
  27               		.stabs	"long double:t(0,14)=r(0,1);4;0;",128,0,1,0
  28               		.stabs	"void:t(0,15)=(0,15)",128,0,1,0
  29               		.stabs	"/usr/lib/gcc/avr/4.3.0/../../../../avr/include/avr/io.h",130,0,0,0
  30               		.stabs	"/usr/lib/gcc/avr/4.3.0/../../../../avr/include/avr/sfr_defs.h",130,0,0,0
  31               		.stabs	"/usr/lib/gcc/avr/4.3.0/../../../../avr/include/inttypes.h",130,0,0,0
  32               		.stabs	"/usr/lib/gcc/avr/4.3.0/../../../../avr/include/stdint.h",130,0,0,0
  33               		.stabs	"int8_t:t(4,1)=(0,10)",128,0,121,0
  34               		.stabs	"uint8_t:t(4,2)=(0,11)",128,0,122,0
  35               		.stabs	"int16_t:t(4,3)=(0,1)",128,0,123,0
  36               		.stabs	"uint16_t:t(4,4)=(0,4)",128,0,124,0
  37               		.stabs	"int32_t:t(4,5)=(0,3)",128,0,125,0
  38               		.stabs	"uint32_t:t(4,6)=(0,5)",128,0,126,0
  39               		.stabs	"int64_t:t(4,7)=(0,6)",128,0,128,0
  40               		.stabs	"uint64_t:t(4,8)=(0,7)",128,0,129,0
  41               		.stabs	"intptr_t:t(4,9)=(4,3)",128,0,142,0
  42               		.stabs	"uintptr_t:t(4,10)=(4,4)",128,0,147,0
  43               		.stabs	"int_least8_t:t(4,11)=(4,1)",128,0,159,0
  44               		.stabs	"uint_least8_t:t(4,12)=(4,2)",128,0,164,0
  45               		.stabs	"int_least16_t:t(4,13)=(4,3)",128,0,169,0
  46               		.stabs	"uint_least16_t:t(4,14)=(4,4)",128,0,174,0
  47               		.stabs	"int_least32_t:t(4,15)=(4,5)",128,0,179,0
  48               		.stabs	"uint_least32_t:t(4,16)=(4,6)",128,0,184,0
  49               		.stabs	"int_least64_t:t(4,17)=(4,7)",128,0,192,0
  50               		.stabs	"uint_least64_t:t(4,18)=(4,8)",128,0,199,0
  51               		.stabs	"int_fast8_t:t(4,19)=(4,1)",128,0,213,0
  52               		.stabs	"uint_fast8_t:t(4,20)=(4,2)",128,0,218,0
  53               		.stabs	"int_fast16_t:t(4,21)=(4,3)",128,0,223,0
  54               		.stabs	"uint_fast16_t:t(4,22)=(4,4)",128,0,228,0
  55               		.stabs	"int_fast32_t:t(4,23)=(4,5)",128,0,233,0
  56               		.stabs	"uint_fast32_t:t(4,24)=(4,6)",128,0,238,0
  57               		.stabs	"int_fast64_t:t(4,25)=(4,7)",128,0,246,0
GAS LISTING /tmp/ccQm5IKI.s 			page 2


  58               		.stabs	"uint_fast64_t:t(4,26)=(4,8)",128,0,253,0
  59               		.stabs	"intmax_t:t(4,27)=(4,7)",128,0,273,0
  60               		.stabs	"uintmax_t:t(4,28)=(4,8)",128,0,278,0
  61               		.stabn	162,0,0,0
  62               		.stabs	"int_farptr_t:t(3,1)=(4,5)",128,0,77,0
  63               		.stabs	"uint_farptr_t:t(3,2)=(4,6)",128,0,81,0
  64               		.stabn	162,0,0,0
  65               		.stabn	162,0,0,0
  66               		.stabs	"/usr/lib/gcc/avr/4.3.0/../../../../avr/include/avr/fuse.h",130,0,0,0
  67               		.stabs	"__fuse_t:t(5,1)=(5,2)=s2low:(0,11),0,8;high:(0,11),8,8;;",128,0,203,0
  68               		.stabn	162,0,0,0
  69               		.stabn	162,0,0,0
  70               		.stabs	"main:F(0,1)",36,0,4,main
  71               	.global	main
  72               		.type	main, @function
  73               	main:
  74               		.stabd	46,0,0
   1:hello.c       **** #include <avr/io.h>    // header file
   2:hello.c       **** 
   3:hello.c       **** int main(void)         // program starts here
   4:hello.c       **** {
  75               		.stabn	68,0,4,.LM0-.LFBB1
  76               	.LM0:
  77               	.LFBB1:
  78               	/* prologue: function */
  79               	/* frame size = 0 */
   5:hello.c       ****     DDRB = 255;        // set port B for output
  80               		.stabn	68,0,5,.LM1-.LFBB1
  81               	.LM1:
  82 0000 8FEF      		ldi r24,lo8(-1)
  83 0002 87BB      		out 55-0x20,r24
   6:hello.c       ****     PORTB = 0;         // set port B pins to 0
  84               		.stabn	68,0,6,.LM2-.LFBB1
  85               	.LM2:
  86 0004 18BA      		out 56-0x20,__zero_reg__
   7:hello.c       **** 
   8:hello.c       ****     return (0);        // return something
   9:hello.c       **** }
  87               		.stabn	68,0,9,.LM3-.LFBB1
  88               	.LM3:
  89 0006 80E0      		ldi r24,lo8(0)
  90 0008 90E0      		ldi r25,hi8(0)
  91               	/* epilogue start */
  92 000a 0895      		ret
  93               		.size	main, .-main
  94               	.Lscope1:
  95               		.stabs	"",36,0,0,.Lscope1-.LFBB1
  96               		.stabd	78,0,0
  97               		.stabs	"",100,0,0,.Letext0
  98               	.Letext0:
GAS LISTING /tmp/ccQm5IKI.s 			page 3


DEFINED SYMBOLS
                            *ABS*:00000000 hello.c
     /tmp/ccQm5IKI.s:2      *ABS*:0000003f __SREG__
     /tmp/ccQm5IKI.s:3      *ABS*:0000003e __SP_H__
     /tmp/ccQm5IKI.s:4      *ABS*:0000003d __SP_L__
     /tmp/ccQm5IKI.s:5      *ABS*:00000000 __tmp_reg__
     /tmp/ccQm5IKI.s:6      *ABS*:00000001 __zero_reg__
     /tmp/ccQm5IKI.s:73     .text:00000000 main

UNDEFINED SYMBOLS
__do_copy_data
__do_clear_bss
