GAS LISTING /tmp/ccbc7MaN.s 			page 1


   1               		.file	"serial.c"
   2               	__SREG__ = 0x3f
   3               	__SP_H__ = 0x3e
   4               	__SP_L__ = 0x3d
   5               	__tmp_reg__ = 0
   6               	__zero_reg__ = 1
   7               		.global __do_copy_data
   8               		.global __do_clear_bss
   9               		.stabs	"/home/mkowalik/serial/",100,0,2,.Ltext0
  10               		.stabs	"serial.c",100,0,2,.Ltext0
  11               		.text
  12               	.Ltext0:
  13               		.stabs	"gcc2_compiled.",60,0,0,0
  14               		.stabs	"int:t(0,1)=r(0,1);-32768;32767;",128,0,1,0
  15               		.stabs	"char:t(0,2)=@s8;r(0,2);0;255;",128,0,1,0
  16               		.stabs	"long int:t(0,3)=@s32;r(0,3);020000000000;017777777777;",128,0,1,0
  17               		.stabs	"unsigned int:t(0,4)=r(0,4);0;0177777;",128,0,1,0
  18               		.stabs	"long unsigned int:t(0,5)=@s32;r(0,5);0;037777777777;",128,0,1,0
  19               		.stabs	"long long int:t(0,6)=@s64;r(0,6);01000000000000000000000;0777777777777777777777;",128,0,1,
  20               		.stabs	"long long unsigned int:t(0,7)=@s64;r(0,7);0;01777777777777777777777;",128,0,1,0
  21               		.stabs	"short int:t(0,8)=r(0,8);-32768;32767;",128,0,1,0
  22               		.stabs	"short unsigned int:t(0,9)=r(0,9);0;0177777;",128,0,1,0
  23               		.stabs	"signed char:t(0,10)=@s8;r(0,10);-128;127;",128,0,1,0
  24               		.stabs	"unsigned char:t(0,11)=@s8;r(0,11);0;255;",128,0,1,0
  25               		.stabs	"float:t(0,12)=r(0,1);4;0;",128,0,1,0
  26               		.stabs	"double:t(0,13)=r(0,1);4;0;",128,0,1,0
  27               		.stabs	"long double:t(0,14)=r(0,1);4;0;",128,0,1,0
  28               		.stabs	"void:t(0,15)=(0,15)",128,0,1,0
  29               		.stabs	"/usr/lib/gcc/avr/4.3.0/../../../../avr/include/avr/io.h",130,0,0,0
  30               		.stabs	"/usr/lib/gcc/avr/4.3.0/../../../../avr/include/avr/sfr_defs.h",130,0,0,0
  31               		.stabs	"/usr/lib/gcc/avr/4.3.0/../../../../avr/include/inttypes.h",130,0,0,0
  32               		.stabs	"/usr/lib/gcc/avr/4.3.0/../../../../avr/include/stdint.h",130,0,0,0
  33               		.stabs	"int8_t:t(4,1)=(0,10)",128,0,121,0
  34               		.stabs	"uint8_t:t(4,2)=(0,11)",128,0,122,0
  35               		.stabs	"int16_t:t(4,3)=(0,1)",128,0,123,0
  36               		.stabs	"uint16_t:t(4,4)=(0,4)",128,0,124,0
  37               		.stabs	"int32_t:t(4,5)=(0,3)",128,0,125,0
  38               		.stabs	"uint32_t:t(4,6)=(0,5)",128,0,126,0
  39               		.stabs	"int64_t:t(4,7)=(0,6)",128,0,128,0
  40               		.stabs	"uint64_t:t(4,8)=(0,7)",128,0,129,0
  41               		.stabs	"intptr_t:t(4,9)=(4,3)",128,0,142,0
  42               		.stabs	"uintptr_t:t(4,10)=(4,4)",128,0,147,0
  43               		.stabs	"int_least8_t:t(4,11)=(4,1)",128,0,159,0
  44               		.stabs	"uint_least8_t:t(4,12)=(4,2)",128,0,164,0
  45               		.stabs	"int_least16_t:t(4,13)=(4,3)",128,0,169,0
  46               		.stabs	"uint_least16_t:t(4,14)=(4,4)",128,0,174,0
  47               		.stabs	"int_least32_t:t(4,15)=(4,5)",128,0,179,0
  48               		.stabs	"uint_least32_t:t(4,16)=(4,6)",128,0,184,0
  49               		.stabs	"int_least64_t:t(4,17)=(4,7)",128,0,192,0
  50               		.stabs	"uint_least64_t:t(4,18)=(4,8)",128,0,199,0
  51               		.stabs	"int_fast8_t:t(4,19)=(4,1)",128,0,213,0
  52               		.stabs	"uint_fast8_t:t(4,20)=(4,2)",128,0,218,0
  53               		.stabs	"int_fast16_t:t(4,21)=(4,3)",128,0,223,0
  54               		.stabs	"uint_fast16_t:t(4,22)=(4,4)",128,0,228,0
  55               		.stabs	"int_fast32_t:t(4,23)=(4,5)",128,0,233,0
  56               		.stabs	"uint_fast32_t:t(4,24)=(4,6)",128,0,238,0
  57               		.stabs	"int_fast64_t:t(4,25)=(4,7)",128,0,246,0
GAS LISTING /tmp/ccbc7MaN.s 			page 2


  58               		.stabs	"uint_fast64_t:t(4,26)=(4,8)",128,0,253,0
  59               		.stabs	"intmax_t:t(4,27)=(4,7)",128,0,273,0
  60               		.stabs	"uintmax_t:t(4,28)=(4,8)",128,0,278,0
  61               		.stabn	162,0,0,0
  62               		.stabs	"int_farptr_t:t(3,1)=(4,5)",128,0,77,0
  63               		.stabs	"uint_farptr_t:t(3,2)=(4,6)",128,0,81,0
  64               		.stabn	162,0,0,0
  65               		.stabn	162,0,0,0
  66               		.stabs	"/usr/lib/gcc/avr/4.3.0/../../../../avr/include/avr/fuse.h",130,0,0,0
  67               		.stabs	"__fuse_t:t(5,1)=(5,2)=s2low:(0,11),0,8;high:(0,11),8,8;;",128,0,203,0
  68               		.stabn	162,0,0,0
  69               		.stabn	162,0,0,0
  70               		.stabs	"main:F(0,1)",36,0,8,main
  71               	.global	main
  72               		.type	main, @function
  73               	main:
  74               		.stabd	46,0,0
   1:serial.c      **** #include <avr/io.h>
   2:serial.c      **** #define USART_BAUDRATE 1200
   3:serial.c      **** #define F_CPU 3686400
   4:serial.c      **** 
   5:serial.c      **** #define BAUD_PRESCALE (((F_CPU / (USART_BAUDRATE * 16UL))) - 1)
   6:serial.c      **** 
   7:serial.c      **** int main (void)
   8:serial.c      **** {
  75               		.stabn	68,0,8,.LM0-.LFBB1
  76               	.LM0:
  77               	.LFBB1:
  78               	/* prologue: function */
  79               	/* frame size = 0 */
   9:serial.c      ****    char ReceivedByte;
  10:serial.c      **** 
  11:serial.c      ****    UCSRB |= (1 << RXEN) | (1 << TXEN);   // Turn on the transmission and reception circuitry
  80               		.stabn	68,0,11,.LM1-.LFBB1
  81               	.LM1:
  82 0000 8AB1      		in r24,42-0x20
  83 0002 8861      		ori r24,lo8(24)
  84 0004 8AB9      		out 42-0x20,r24
  12:serial.c      ****    UCSRC |= (1 << URSEL) | (1 << UCSZ0) | (1 << UCSZ1); // Use 8-bit character sizes
  85               		.stabn	68,0,12,.LM2-.LFBB1
  86               	.LM2:
  87 0006 80B5      		in r24,64-0x20
  88 0008 8668      		ori r24,lo8(-122)
  89 000a 80BD      		out 64-0x20,r24
  13:serial.c      **** 
  14:serial.c      ****    UBRRL = BAUD_PRESCALE; // Load lower 8-bits of the baud rate value into the low byte of the UBRR
  90               		.stabn	68,0,14,.LM3-.LFBB1
  91               	.LM3:
  92 000c 8FEB      		ldi r24,lo8(-65)
  93 000e 89B9      		out 41-0x20,r24
  15:serial.c      ****    UBRRH = (BAUD_PRESCALE >> 8); // Load upper 8-bits of the baud rate value into the high byte of 
  94               		.stabn	68,0,15,.LM4-.LFBB1
  95               	.LM4:
  96 0010 10BC      		out 64-0x20,__zero_reg__
  97               	.L8:
  16:serial.c      **** 
  17:serial.c      ****    for (;;) // Loop forever
GAS LISTING /tmp/ccbc7MaN.s 			page 3


  18:serial.c      ****    {
  19:serial.c      ****       while ((UCSRA & (1 << RXC)) == 0) {}; // Do nothing until data have been recieved and is read
  98               		.stabn	68,0,19,.LM5-.LFBB1
  99               	.LM5:
 100 0012 5F9B      		sbis 43-0x20,7
 101 0014 00C0      		rjmp .L8
  20:serial.c      ****       ReceivedByte = UDR; // Fetch the recieved byte value into the variable "ByteReceived"
 102               		.stabn	68,0,20,.LM6-.LFBB1
 103               	.LM6:
 104 0016 8CB1      		in r24,44-0x20
 105               	.L3:
  21:serial.c      **** 
  22:serial.c      ****       while ((UCSRA & (1 << UDRE)) == 0) {}; // Do nothing until UDR is ready for more data to be w
 106               		.stabn	68,0,22,.LM7-.LFBB1
 107               	.LM7:
 108 0018 5D9B      		sbis 43-0x20,5
 109 001a 00C0      		rjmp .L3
  23:serial.c      ****       UDR = ReceivedByte; // Echo back the received byte back to the computer
 110               		.stabn	68,0,23,.LM8-.LFBB1
 111               	.LM8:
 112 001c 8CB9      		out 44-0x20,r24
 113 001e 00C0      		rjmp .L8
 114               		.size	main, .-main
 115               		.stabs	"ReceivedByte:r(0,2)",64,0,9,24
 116               		.stabn	192,0,0,.LFBB1-.LFBB1
 117               		.stabn	224,0,0,.Lscope1-.LFBB1
 118               	.Lscope1:
 119               		.stabs	"",36,0,0,.Lscope1-.LFBB1
 120               		.stabd	78,0,0
 121               		.stabs	"",100,0,0,.Letext0
 122               	.Letext0:
GAS LISTING /tmp/ccbc7MaN.s 			page 4


DEFINED SYMBOLS
                            *ABS*:00000000 serial.c
     /tmp/ccbc7MaN.s:2      *ABS*:0000003f __SREG__
     /tmp/ccbc7MaN.s:3      *ABS*:0000003e __SP_H__
     /tmp/ccbc7MaN.s:4      *ABS*:0000003d __SP_L__
     /tmp/ccbc7MaN.s:5      *ABS*:00000000 __tmp_reg__
     /tmp/ccbc7MaN.s:6      *ABS*:00000001 __zero_reg__
     /tmp/ccbc7MaN.s:73     .text:00000000 main

UNDEFINED SYMBOLS
__do_copy_data
__do_clear_bss
